2019-01-21 21:09:23.053 [main] INFO  [org.springframework.context.annotation.AnnotationConfigApplicationContext:583] [,] - Refreshing org.springframework.context.annotation.AnnotationConfigApplicationContext@34c01041: startup date [Mon Jan 21 21:09:23 CST 2019]; root of context hierarchy
2019-01-21 21:09:23.093 [background-preinit] INFO  [org.hibernate.validator.internal.util.Version:30] [,] - HV000001: Hibernate Validator 5.2.5.Final
2019-01-21 21:09:23.223 [main] INFO  [org.springframework.beans.factory.annotation.AutowiredAnnotationBeanPostProcessor:155] [,] - JSR-330 'javax.inject.Inject' annotation found and supported for autowiring
2019-01-21 21:09:23.263 [main] INFO  [org.springframework.context.support.PostProcessorRegistrationDelegate$BeanPostProcessorChecker:325] [,] - Bean 'configurationPropertiesRebinderAutoConfiguration' of type [org.springframework.cloud.autoconfigure.ConfigurationPropertiesRebinderAutoConfiguration$$EnhancerBySpringCGLIB$$1d4abe97] is not eligible for getting processed by all BeanPostProcessors (for example: not eligible for auto-proxying)
2019-01-21 21:09:23.832 [main] INFO  [com.lsheng.house.api.ApiGatewayApplication:662] [,] - No active profile set, falling back to default profiles: default
2019-01-21 21:09:23.842 [main] INFO  [org.springframework.boot.context.embedded.AnnotationConfigEmbeddedWebApplicationContext:583] [,] - Refreshing org.springframework.boot.context.embedded.AnnotationConfigEmbeddedWebApplicationContext@16afbd92: startup date [Mon Jan 21 21:09:23 CST 2019]; parent: org.springframework.context.annotation.AnnotationConfigApplicationContext@34c01041
2019-01-21 21:09:24.953 [main] INFO  [org.springframework.beans.factory.support.DefaultListableBeanFactory:828] [,] - Overriding bean definition for bean 'hystrixFeature' with a different definition: replacing [Root bean: class [null]; scope=; abstract=false; lazyInit=false; autowireMode=3; dependencyCheck=0; autowireCandidate=true; primary=false; factoryBeanName=org.springframework.cloud.netflix.hystrix.HystrixCircuitBreakerConfiguration$HystrixWebConfiguration; factoryMethodName=hystrixFeature; initMethodName=null; destroyMethodName=(inferred); defined in class path resource [org/springframework/cloud/netflix/hystrix/HystrixCircuitBreakerConfiguration$HystrixWebConfiguration.class]] with [Root bean: class [null]; scope=; abstract=false; lazyInit=false; autowireMode=3; dependencyCheck=0; autowireCandidate=true; primary=false; factoryBeanName=org.springframework.cloud.netflix.hystrix.HystrixCircuitBreakerConfiguration; factoryMethodName=hystrixFeature; initMethodName=null; destroyMethodName=(inferred); defined in class path resource [org/springframework/cloud/netflix/hystrix/HystrixCircuitBreakerConfiguration.class]]
2019-01-21 21:09:25.202 [main] INFO  [org.springframework.data.repository.config.RepositoryConfigurationDelegate:170] [,] - Multiple Spring Data modules found, entering strict repository configuration mode!
2019-01-21 21:09:25.472 [main] INFO  [org.springframework.cloud.context.scope.GenericScope:263] [,] - BeanFactory id=f2656276-104f-367c-a112-4ec4e867c8db
2019-01-21 21:09:25.482 [main] INFO  [org.springframework.beans.factory.annotation.AutowiredAnnotationBeanPostProcessor:155] [,] - JSR-330 'javax.inject.Inject' annotation found and supported for autowiring
2019-01-21 21:09:25.532 [main] INFO  [org.springframework.context.support.PostProcessorRegistrationDelegate$BeanPostProcessorChecker:325] [,] - Bean 'org.springframework.cloud.sleuth.instrument.async.AsyncDefaultAutoConfiguration$DefaultAsyncConfigurerSupport' of type [org.springframework.cloud.sleuth.instrument.async.AsyncDefaultAutoConfiguration$DefaultAsyncConfigurerSupport$$EnhancerBySpringCGLIB$$3e72595d] is not eligible for getting processed by all BeanPostProcessors (for example: not eligible for auto-proxying)
2019-01-21 21:09:25.592 [main] INFO  [org.springframework.context.support.PostProcessorRegistrationDelegate$BeanPostProcessorChecker:325] [,] - Bean 'org.springframework.cloud.netflix.metrics.MetricsInterceptorConfiguration$MetricsRestTemplateConfiguration' of type [org.springframework.cloud.netflix.metrics.MetricsInterceptorConfiguration$MetricsRestTemplateConfiguration$$EnhancerBySpringCGLIB$$335d61db] is not eligible for getting processed by all BeanPostProcessors (for example: not eligible for auto-proxying)
2019-01-21 21:09:25.712 [main] INFO  [org.springframework.context.support.PostProcessorRegistrationDelegate$BeanPostProcessorChecker:325] [,] - Bean 'org.springframework.cloud.autoconfigure.ConfigurationPropertiesRebinderAutoConfiguration' of type [org.springframework.cloud.autoconfigure.ConfigurationPropertiesRebinderAutoConfiguration$$EnhancerBySpringCGLIB$$1d4abe97] is not eligible for getting processed by all BeanPostProcessors (for example: not eligible for auto-proxying)
2019-01-21 21:09:25.732 [main] INFO  [org.springframework.context.support.PostProcessorRegistrationDelegate$BeanPostProcessorChecker:325] [,] - Bean 'org.springframework.cloud.sleuth.instrument.async.AsyncDefaultAutoConfiguration' of type [org.springframework.cloud.sleuth.instrument.async.AsyncDefaultAutoConfiguration$$EnhancerBySpringCGLIB$$e91467b9] is not eligible for getting processed by all BeanPostProcessors (for example: not eligible for auto-proxying)
2019-01-21 21:09:26.261 [main] INFO  [org.springframework.boot.context.embedded.tomcat.TomcatEmbeddedServletContainer:89] [,] - Tomcat initialized with port(s): 8080 (http)
2019-01-21 21:09:26.271 [main] INFO  [org.apache.catalina.core.StandardService:179] [,] - Starting service [Tomcat]
2019-01-21 21:09:26.271 [main] INFO  [org.apache.catalina.core.StandardEngine:179] [,] - Starting Servlet Engine: Apache Tomcat/8.5.15
2019-01-21 21:09:26.423 [localhost-startStop-1] INFO  [org.apache.catalina.core.ContainerBase.[Tomcat].[localhost].[/]:179] [,] - Initializing Spring embedded WebApplicationContext
2019-01-21 21:09:26.423 [localhost-startStop-1] INFO  [org.springframework.web.context.ContextLoader:276] [,] - Root WebApplicationContext: initialization completed in 2581 ms
2019-01-21 21:09:27.573 [localhost-startStop-1] INFO  [org.springframework.boot.web.servlet.FilterRegistrationBean:258] [,] - Mapping filter: 'metricsFilter' to: [/*]
2019-01-21 21:09:27.573 [localhost-startStop-1] INFO  [org.springframework.boot.web.servlet.FilterRegistrationBean:258] [,] - Mapping filter: 'characterEncodingFilter' to: [/*]
2019-01-21 21:09:27.573 [localhost-startStop-1] INFO  [org.springframework.boot.web.servlet.FilterRegistrationBean:258] [,] - Mapping filter: 'traceFilter' to: [/*]
2019-01-21 21:09:27.573 [localhost-startStop-1] INFO  [org.springframework.boot.web.servlet.FilterRegistrationBean:258] [,] - Mapping filter: 'hiddenHttpMethodFilter' to: [/*]
2019-01-21 21:09:27.573 [localhost-startStop-1] INFO  [org.springframework.boot.web.servlet.FilterRegistrationBean:258] [,] - Mapping filter: 'httpPutFormContentFilter' to: [/*]
2019-01-21 21:09:27.573 [localhost-startStop-1] INFO  [org.springframework.boot.web.servlet.FilterRegistrationBean:258] [,] - Mapping filter: 'requestContextFilter' to: [/*]
2019-01-21 21:09:27.573 [localhost-startStop-1] INFO  [org.springframework.boot.web.servlet.FilterRegistrationBean:258] [,] - Mapping filter: 'webRequestLoggingFilter' to: [/*]
2019-01-21 21:09:27.573 [localhost-startStop-1] INFO  [org.springframework.boot.web.servlet.FilterRegistrationBean:258] [,] - Mapping filter: 'authorizedLogbookFilter' to: [/*]
2019-01-21 21:09:27.573 [localhost-startStop-1] INFO  [org.springframework.boot.web.servlet.FilterRegistrationBean:258] [,] - Mapping filter: 'applicationContextIdFilter' to: [/*]
2019-01-21 21:09:27.573 [localhost-startStop-1] INFO  [org.springframework.boot.web.servlet.ServletRegistrationBean:190] [,] - Mapping servlet: 'dispatcherServlet' to [/]
2019-01-21 21:09:28.932 [main] WARN  [com.netflix.config.sources.URLConfigurationSource:121] [,] - No URLs will be polled as dynamic configuration sources.
2019-01-21 21:09:28.932 [main] INFO  [com.netflix.config.sources.URLConfigurationSource:122] [,] - To enable URLs as dynamic configuration sources, define System property archaius.configurationSource.additionalUrls or make config.properties available on classpath.
2019-01-21 21:09:28.942 [main] INFO  [com.netflix.config.DynamicPropertyFactory:281] [,] - DynamicPropertyFactory is initialized with configuration sources: com.netflix.config.ConcurrentCompositeConfiguration@70e5737f
