2018-11-25 18:05:28.892  [http-nio-8083-exec-3] DEBUG [UserMapper.selectById:] [e948ff7acafc5978,71a06f2d6404b445] - ==>  Preparing: select id, name, phone, email, aboutme, passwd, avatar, type, create_time, enable, agency_id from user where id = ?
2018-11-25 18:05:28.893  [http-nio-8083-exec-3] DEBUG [UserMapper.selectById:] [e948ff7acafc5978,71a06f2d6404b445] - ==> Parameters: 38(Long)
2018-11-25 18:05:28.894  [http-nio-8083-exec-3] DEBUG [UserMapper.selectById:] [e948ff7acafc5978,71a06f2d6404b445] - <==      Total: 1
2018-11-25 18:05:29.652  [http-nio-8083-exec-5] DEBUG [com.mooc.house.2018-11-25 18:06:30.279  [http-nio-8085-exec-9] DEBUG [CommentMapper.selectComments:] [8bffcda8b0d43f05,ea996ce29fddf6c9] - ==>  Preparing: select id, content, house_id, create_time, blog_id, type, user_id from comment where type =1 and house_id = ? order by create_time desc limit ?
2018-11-25 18:06:30.280  [http-nio-8085-exec-9] DEBUG [CommentMapper.selectComments:] [8bffcda8b0d43f05,ea996ce29fddf6c9] - ==> Parameters: 26(Long), 8(Integer)
2018-11-25 18:06:30.280  [http-nio-8085-exec-9] DEBUG [CommentMapper.selectComments:] [8bffcda8b0d43f05,ea996ce29fddf6c9] - <==      Total: 0
2018-11-25 18:06:36.722  [http-nio-8085-exec-10] DEBUG [CommentMapper.selectComments:] [7dc7cb662dbfd1e3,6abcbc1617f3f075] - ==>  Preparing: select id, content, house_id, create_time, blog_id, type, user_id from comment where type =1 and house_id = ? order by create_time desc limit ?
2018-11-25 18:06:36.723  [http-nio-8085-exec-10] DEBUG [CommentMapper.selectComments:] [7dc7cb662dbfd1e3,6abcbc1617f3f075] - ==> Parameters: 27(Long), 8(Integer)
2018-11-25 18:06:36.723  [http-nio-8085-exec-10] DEBUG [CommentMapper.selectComments:] [7dc7cb662dbfd1e3,6abcbc1617f3f075] - <==      Total: 0
2018-11-25 18:07:10.471  [http-nio-8085-exec-1] DEBUG [BlogMapper.selectBlog:] [74513af8c81769c7,5f9137d6ddffbfd3] - ==>  Preparing: select id,tags ,content,create_time,title from blog a order by a.create_time desc limit ?, ?
2018-11-25 18:07:10.472  [http-nio-8085-exec-1] DEBUG [BlogMapper.selectBlog:] [74513af8c81769c7,5f9137d6ddffbfd3] - ==> Parameters: 0(Integer), 2(Integer)
2018-11-25 18:07:10.473  [http-nio-8085-exec-1] DEBUG [BlogMapper.selectBlog:] [74513af8c81769c7,5f9137d6ddffbfd3] - <==      Total: 2
2018-11-25 18:07:10.475  [http-nio-8085-exec-1] DEBUG [BlogMapper.selectBlogCount:] [74513af8c81769c7,5f9137d6ddffbfd3] - ==>  Preparing: select count(id) from blog a
2018-11-25 18:07:10.475  [http-nio-8085-exec-1] DEBUG [BlogMapper.selectBlogCount:] [74513af8c81769c7,5f9137d6ddffbfd3] - ==> Parameters:
2018-11-25 18:07:10.476  [http-nio-8085-exec-1] DEBUG [BlogMapper.selectBlogCount:] [74513af8c81769c7,5f9137d6ddffbfd3] - <==      Total: 1
2018-11-25 18:07:14.419  [http-nio-8085-exec-2] DEBUG [BlogMapper.selectBlog:] [17887b048f1a2931,67cb690a0a8d891e] - ==>  Preparing: select id,tags ,content,create_time,title from blog a WHERE id = ? order by a.create_time desc limit ?, ?
2018-11-25 18:07:14.420  [http-nio-8085-exec-2] DEBUG [BlogMapper.selectBlog:] [17887b048f1a2931,67cb690a0a8d891e] - ==> Parameters: 1(Integer), 0(Integer), 1(Integer)
2018-11-25 18:07:14.423  [http-nio-8085-exec-2] DEBUG [BlogMapper.selectBlog:] [17887b048f1a2931,67cb690a0a8d891e] - <==      Total: 1
2018-11-25 18:07:15.000  [http-nio-8085-exec-3] DEBUG [CommentMapper.selectBlogComments:] [17887b048f1a2931,e9e609206889871e] - ==>  Preparing: select id, content, house_id, create_time, blog_id, type, user_id from comment where type = 2 and blog_id = ? order by create_time desc limit ?
2018-11-25 18:07:15.000  [http-nio-8085-exec-3] DEBUG [CommentMapper.selectBlogComments:] [17887b048f1a2931,e9e609206889871e] - ==> Parameters: 1(Long), 8(Integer)
2018-11-25 18:07:15.002  [http-nio-8085-exec-3] DEBUG [CommentMapper.selectBlogComments:] [17887b048f1a2931,e9e609206889871e] - <==      Total: 4
2018-11-25 18:13:51.389  [http-nio-8085-exec-6] DEBUG [BlogMapper.selectBlog:] [4b5336b2da84fb2d,bc5061d7591acb66] - ==>  Preparing: select id,tags ,content,create_time,title from blog a WHERE id = ? order by a.create_time desc limit ?, ?
2018-11-25 18:13:51.390  [http-nio-8085-exec-6] DEBUG [BlogMapper.selectBlog:] [4b5336b2da84fb2d,bc5061d7591acb66] - ==> Parameters: 1(Integer), 0(Integer), 1(Integer)
2018-11-25 18:13:51.391  [http-nio-8085-exec-6] DEBUG [BlogMapper.selectBlog:] [4b5336b2da84fb2d,bc5061d7591acb66] - <==      Total: 1
2018-11-25 18:13:51.942  [http-nio-8085-exec-5] DEBUG [CommentMapper.selectBlogComments:] [4b5336b2da84fb2d,e898b7ee4577f15e] - ==>  Preparing: select id, content, house_id, create_time, blog_id, type, user_id from comment where type = 2 and blog_id = ? order by create_time desc limit ?
2018-11-25 18:13:51.942  [http-nio-8085-exec-5] DEBUG [CommentMapper.selectBlogComments:] [4b5336b2da84fb2d,e898b7ee4577f15e] - ==> Parameters: 1(Long), 8(Integer)
2018-11-25 18:13:51.944  [http-nio-8085-exec-5] DEBUG [CommentMapper.selectBlogComments:] [4b5336b2da84fb2d,e898b7ee4577f15e] - <==      Total: 4
ectAgent:] [7dc7cb662dbfd1e3,b3719af51489f30b] - ==>  Preparing: select id, name, phone, email, aboutme, passwd, avatar, type, create_time, enable, agency_id from user WHERE enable = 1 and type = 2 and id = ? order by id desc limit ?, ? 
2018-11-25 18:06:37.657  [http-nio-8083-exec-1] DEBUG [AgencyMapper.selectAgent:] [7dc7cb662dbfd1e3,b3719af51489f30b] - ==> Parameters: 38(Long), 0(Integer), 1(Integer)
2018-11-25 18:06:37.658  [http-nio-8083-exec-1] DEBUG [AgencyMapper.selectAgent:] [7dc7cb662dbfd1e3,b3719af51489f30b] - <==      Total: 0
2018-11-25 18:07:16.100  [http-nio-8083-exec-4] DEBUG [UserMapper.selectById:] [17887b048f1a2931,fc4201c183f524e8] - ==>  Preparing: select id, name, phone, email, aboutme, passwd, avatar, type, create_time, enable, agency_id from user where id = ?
2018-11-25 18:07:16.100  [http-nio-8083-exec-4] DEBUG [UserMapper.selectById:] [17887b048f1a2931,fc4201c183f524e8] - ==> Parameters: 25(Long)
2018-11-25 18:07:16.101  [http-nio-8083-exec-4] DEBUG [UserMapper.selectById:] [17887b048f1a2931,fc4201c183f524e8] - <==      Total: 1
2018-11-25 18:07:16.631  [http-nio-8083-exec-5] DEBUG [UserMapper.selectById:] [17887b048f1a2931,eb6ecadb43fd3d19] - ==>  Preparing: select id, name, phone, email, aboutme, passwd, avatar, type, create_time, enable, agency_id from user where id = ?
2018-11-25 18:07:16.631  [http-nio-8083-exec-5] DEBUG [UserMapper.selectById:] [17887b048f1a2931,eb6ecadb43fd3d19] - ==> Parameters: 7(Long)
2018-11-25 18:07:16.632  [http-nio-8083-exec-5] DEBUG [UserMapper.selectById:] [17887b048f1a2931,eb6ecadb43fd3d19] - <==      Total: 1
2018-11-25 18:13:51.951  [http-nio-8083-exec-8] DEBUG [UserMapper.selectById:] [4b5336b2da84fb2d,0c4f482b7d3c52cc] - ==>  Preparing: select id, name, phone, email, aboutme, passwd, avatar, type, create_time, enable, agency_id from user where id = ?
2018-11-25 18:13:51.951  [http-nio-8083-exec-8] DEBUG [UserMapper.selectById:] [4b5336b2da84fb2d,0c4f482b7d3c52cc] - ==> Parameters: 38(Long)
2018-11-25 18:13:51.953  [http-nio-8083-exec-8] DEBUG [UserMapper.selectById:] [4b5336b2da84fb2d,0c4f482b7d3c52cc] - <==      Total: 1
2018-11-25 18:13:53.118  [http-nio-8083-exec-10] DEBUG [UserMapper.selectById:] [4b5336b2da84fb2d,5104589940091a26] - ==>  Preparing: select id, name, phone, email, aboutme, passwd, avatar, type, create_time, enable, agency_id from user where id = ?
2018-11-25 18:13:53.118  [http-nio-8083-exec-10] DEBUG [UserMapper.selectById:] [4b5336b2da84fb2d,5104589940091a26] - ==> Parameters: 25(Long)
2018-11-25 18:13:53.119  [http-nio-8083-exec-10] DEBUG [UserMapper.selectById:] [4b5336b2da84fb2d,5104589940091a26] - <==      Total: 1
2018-11-25 18:13:53.718  [http-nio-8083-exec-1] DEBUG [UserMapper.selectById:] [4b5336b2da84fb2d,a64d8a8c66ed3164] - ==>  Preparing: select id, name, phone, email, aboutme, passwd, avatar, type, create_time, enable, agency_id from user where id = ?
2018-11-25 18:13:53.719  [http-nio-8083-exec-1] DEBUG [UserMapper.selectById:] [4b5336b2da84fb2d,a64d8a8c66ed3164] - ==> Parameters: 7(Long)
2018-11-25 18:13:53.719  [http-nio-8083-exec-1] DEBUG [UserMapper.selectById:] [4b5336b2da84fb2d,a64d8a8c66ed3164] - <==      Total: 1
ectHouse:] [5af925d1ee444bc9,afe12d19980ae867] - <==      Total: 1
2018-11-25 18:06:22.533  [http-nio-8084-exec-9] DEBUG [HouseMapper.selectHouse:] [306b94110beab276,44c43620a7de0d78] - ==>  Preparing: select a.id , a.type, a.name, a.price, a.images , a.area , a.beds , a.baths , a.rating , a.remarks , a.properties , a.floor_plan , a.tags , a.create_time , a.city_id , a.community_id , a.address, a.state, b.user_id from house a inner join ( select house_id,user_id from house_user WHERE type = 1 ) b on a.id = b.house_id WHERE state = 1 and id in ( ? ) order by a.create_time desc limit ?, ?
2018-11-25 18:06:22.533  [http-nio-8084-exec-9] DEBUG [HouseMapper.selectHouse:] [306b94110beab276,44c43620a7de0d78] - ==> Parameters: 25(Long), 0(Integer), 3(Integer)
2018-11-25 18:06:22.535  [http-nio-8084-exec-9] DEBUG [HouseMapper.selectHouse:] [306b94110beab276,44c43620a7de0d78] - <==      Total: 1
2018-11-25 18:06:25.451  [http-nio-8084-exec-7] DEBUG [HouseMapper.selectHouse:] [d20a52930da13c03,18384d63abefd3cc] - ==>  Preparing: select a.id , a.type, a.name, a.price, a.images , a.area , a.beds , a.baths , a.rating , a.remarks , a.properties , a.floor_plan , a.tags , a.create_time , a.city_id , a.community_id , a.address, a.state, b.user_id from house a inner join ( select house_id,user_id from house_user WHERE type = 1 ) b on a.id = b.house_id WHERE state = 1 and a.type = ? order by a.create_time desc limit ?, ?
2018-11-25 18:06:25.451  [http-nio-8084-exec-7] DEBUG [HouseMapper.selectHouse:] [d20a52930da13c03,18384d63abefd3cc] - ==> Parameters: 1(Integer), 0(Integer), 2(Integer)
2018-11-25 18:06:25.453  [http-nio-8084-exec-7] DEBUG [HouseMapper.selectHouse:] [d20a52930da13c03,18384d63abefd3cc] - <==      Total: 2
2018-11-25 18:06:25.453  [http-nio-8084-exec-7] DEBUG [HouseMapper.selectHouseCount:] [d20a52930da13c03,18384d63abefd3cc] - ==>  Preparing: select count(id) from house a inner join ( select house_id,user_id from house_user WHERE type = 1 ) b on a.id = b.house_id WHERE state = 1 and a.type = ?
2018-11-25 18:06:25.454  [http-nio-8084-exec-7] DEBUG [HouseMapper.selectHouseCount:] [d20a52930da13c03,18384d63abefd3cc] - ==> Parameters: 1(Integer)
2018-11-25 18:06:25.454  [http-nio-8084-exec-7] DEBUG [HouseMapper.selectHouseCount:] [d20a52930da13c03,18384d63abefd3cc] - <==      Total: 1
2018-11-25 18:06:25.825  [http-nio-8084-exec-8] DEBUG [HouseMapper.selectHouse:] [d20a52930da13c03,4336f37b214f4dda] - ==>  Preparing: select a.id , a.type, a.name, a.price, a.images , a.area , a.beds , a.baths , a.rating , a.remarks , a.properties , a.floor_plan , a.tags , a.create_time , a.city_id , a.community_id , a.address, a.state, b.user_id from house a inner join ( select house_id,user_id from house_user WHERE type = 1 ) b on a.id = b.house_id WHERE state = 1 and id in ( ? ) order by a.create_time desc limit ?, ?
2018-11-25 18:06:25.825  [http-nio-8084-exec-8] DEBUG [HouseMapper.selectHouse:] [d20a52930da13c03,4336f37b214f4dda] - ==> Parameters: 25(Long), 0(Integer), 3(Integer)
2018-11-25 18:06:25.827  [http-nio-8084-exec-8] DEBUG [HouseMapper.selectHouse:] [d20a52930da13c03,4336f37b214f4dda] - <==      Total: 1
2018-11-25 18:06:29.900  [http-nio-8084-exec-6] DEBUG [HouseMapper.selectHouse:] [8bffcda8b0d43f05,6dae17fcdf7b61e8] - ==>  Preparing: select a.id , a.type, a.name, a.price, a.images , a.area , a.beds , a.baths , a.rating , a.remarks , a.properties , a.floor_plan , a.tags , a.create_time , a.city_id , a.community_id , a.address, a.state, b.user_id from house a inner join ( select house_id,user_id from house_user WHERE type = 1 ) b on a.id = b.house_id WHERE state = 1 and a.id = ? order by a.create_time desc limit ?, ?
2018-11-25 18:06:29.900  [http-nio-8084-exec-6] DEBUG [HouseMapper.selectHouse:] [8bffcda8b0d43f05,6dae17fcdf7b61e8] - ==> Parameters: 26(Long), 0(Integer), 1(Integer)
2018-11-25 18:06:29.902  [http-nio-8084-exec-6] DEBUG [HouseMapper.selectHouse:] [8bffcda8b0d43f05,6dae17fcdf7b61e8] - <==      Total: 1
2018-11-25 18:06:30.860  [http-nio-8084-exec-10] DEBUG [HouseMapper.selectHouse:] [8bffcda8b0d43f05,28d15b0695984a4b] - ==>  Preparing: select a.id , a.type, a.name, a.price, a.images , a.area , a.beds , a.baths , a.rating , a.remarks , a.properties , a.floor_plan , a.tags , a.create_time , a.city_id , a.community_id , a.address, a.state, b.user_id from house a inner join ( select house_id,user_id from house_user WHERE type = 1 ) b on a.id = b.house_id WHERE state = 1 and id in ( ? , ? ) order by a.create_time desc limit ?, ?
2018-11-25 18:06:30.860  [http-nio-8084-exec-10] DEBUG [HouseMapper.selectHouse:] [8bffcda8b0d43f05,28d15b0695984a4b] - ==> Parameters: 25(Long), 26(Long), 0(Integer), 3(Integer)
2018-11-25 18:06:30.979  [http-nio-8084-exec-10] DEBUG [HouseMapper.selectHouse:] [8bffcda8b0d43f05,28d15b0695984a4b] - <==      Total: 2
2018-11-25 18:06:36.357  [http-nio-8084-exec-1] DEBUG [HouseMapper.selectHouse:] [7dc7cb662dbfd1e3,9bb359e439f3b0b5] - ==>  Preparing: select a.id , a.type, a.name, a.price, a.images , a.area , a.beds , a.baths , a.rating , a.remarks , a.properties , a.floor_plan , a.tags , a.create_time , a.city_id , a.community_id , a.address, a.state, b.user_id from house a inner join ( select house_id,user_id from house_user WHERE type = 1 ) b on a.id = b.house_id WHERE state = 1 and a.id = ? order by a.create_time desc limit ?, ?
2018-11-25 18:06:36.357  [http-nio-8084-exec-1] DEBUG [HouseMapper.selectHouse:] [7dc7cb662dbfd1e3,9bb359e439f3b0b5] - ==> Parameters: 27(Long), 0(Integer), 1(Integer)
2018-11-25 18:06:36.358  [http-nio-8084-exec-1] DEBUG [HouseMapper.selectHouse:] [7dc7cb662dbfd1e3,9bb359e439f3b0b5] - <==      Total: 1
2018-11-25 18:06:37.285  [http-nio-8084-exec-2] DEBUG [HouseMapper.selectHouse:] [7dc7cb662dbfd1e3,20a47e25b1607a69] - ==>  Preparing: select a.id , a.type, a.name, a.price, a.images , a.area , a.beds , a.baths , a.rating , a.remarks , a.properties , a.floor_plan , a.tags , a.create_time , a.city_id , a.community_id , a.address, a.state, b.user_id from house a inner join ( select house_id,user_id from house_user WHERE type = 1 ) b on a.id = b.house_id WHERE state = 1 and id in ( ? , ? , ? ) order by a.create_time desc limit ?, ?
2018-11-25 18:06:37.286  [http-nio-8084-exec-2] DEBUG [HouseMapper.selectHouse:] [7dc7cb662dbfd1e3,20a47e25b1607a69] - ==> Parameters: 25(Long), 27(Long), 26(Long), 0(Integer), 3(Integer)
2018-11-25 18:06:37.287  [http-nio-8084-exec-2] DEBUG [HouseMapper.selectHouse:] [7dc7cb662dbfd1e3,20a47e25b1607a69] - <==      Total: 3
2018-11-25 18:06:41.781  [http-nio-8084-exec-3] DEBUG [HouseMapper.selectHouse:] [59db393d07492a37,806679cb82ea4912] - ==>  Preparing: select a.id , a.type, a.name, a.price, a.images , a.area , a.beds , a.baths , a.rating , a.remarks , a.properties , a.floor_plan , a.tags , a.create_time , a.city_id , a.community_id , a.address, a.state, b.user_id from house a inner join ( select house_id,user_id from house_user WHERE type = 1 ) b on a.id = b.house_id WHERE state = 1 and a.type = ? order by a.create_time desc limit ?, ?
2018-11-25 18:06:41.782  [http-nio-8084-exec-3] DEBUG [HouseMapper.selectHouse:] [59db393d07492a37,806679cb82ea4912] - ==> Parameters: 1(Integer), 0(Integer), 2(Integer)
2018-11-25 18:06:41.784  [http-nio-8084-exec-3] DEBUG [HouseMapper.selectHouse:] [59db393d07492a37,806679cb82ea4912] - <==      Total: 2
2018-11-25 18:06:41.785  [http-nio-8084-exec-3] DEBUG [HouseMapper.selectHouseCount:] [59db393d07492a37,806679cb82ea4912] - ==>  Preparing: select count(id) from house a inner join ( select house_id,user_id from house_user WHERE type = 1 ) b on a.id = b.house_id WHERE state = 1 and a.type = ?
2018-11-25 18:06:41.785  [http-nio-8084-exec-3] DEBUG [HouseMapper.selectHouseCount:] [59db393d07492a37,806679cb82ea4912] - ==> Parameters: 1(Integer)
2018-11-25 18:06:41.786  [http-nio-8084-exec-3] DEBUG [HouseMapper.selectHouseCount:] [59db393d07492a37,806679cb82ea4912] - <==      Total: 1
2018-11-25 18:06:42.130  [http-nio-8084-exec-4] DEBUG [HouseMapper.selectHouse:] [59db393d07492a37,a26a42fab0793a8b] - ==>  Preparing: select a.id , a.type, a.name, a.price, a.images , a.area , a.beds , a.baths , a.rating , a.remarks , a.properties , a.floor_plan , a.tags , a.create_time , a.city_id , a.community_id , a.address, a.state, b.user_id from house a inner join ( select house_id,user_id from house_user WHERE type = 1 ) b on a.id = b.house_id WHERE state = 1 and id in ( ? , ? , ? ) order by a.create_time desc limit ?, ?
2018-11-25 18:06:42.131  [http-nio-8084-exec-4] DEBUG [HouseMapper.selectHouse:] [59db393d07492a37,a26a42fab0793a8b] - ==> Parameters: 25(Long), 27(Long), 26(Long), 0(Integer), 3(Integer)
2018-11-25 18:06:42.133  [http-nio-8084-exec-4] DEBUG [HouseMapper.selectHouse:] [59db393d07492a37,a26a42fab0793a8b] - <==      Total: 3
2018-11-25 18:06:49.311  [http-nio-8084-exec-5] DEBUG [HouseMapper.selectHouse:] [65dd1dde65a1e890,a9fa7ce317c5ad14] - ==>  Preparing: select a.id , a.type, a.name, a.price, a.images , a.area , a.beds , a.baths , a.rating , a.remarks , a.properties , a.floor_plan , a.tags , a.create_time , a.city_id , a.community_id , a.address, a.state, b.user_id from house a inner join ( select house_id,user_id from house_user WHERE type = 1 ) b on a.id = b.house_id WHERE state = 1 and a.type = ? order by a.create_time desc limit ?, ?
2018-11-25 18:06:49.312  [http-nio-8084-exec-5] DEBUG [HouseMapper.selectHouse:] [65dd1dde65a1e890,a9fa7ce317c5ad14] - ==> Parameters: 1(Integer), 2(Integer), 2(Integer)
2018-11-25 18:06:49.313  [http-nio-8084-exec-5] DEBUG [HouseMapper.selectHouse:] [65dd1dde65a1e890,a9fa7ce317c5ad14] - <==      Total: 2
2018-11-25 18:06:49.313  [http-nio-8084-exec-5] DEBUG [HouseMapper.selectHouseCount:] [65dd1dde65a1e890,a9fa7ce317c5ad14] - ==>  Preparing: select count(id) from house a inner join ( select house_id,user_id from house_user WHERE type = 1 ) b on a.id = b.house_id WHERE state = 1 and a.type = ?
2018-11-25 18:06:49.314  [http-nio-8084-exec-5] DEBUG [HouseMapper.selectHouseCount:] [65dd1dde65a1e890,a9fa7ce317c5ad14] - ==> Parameters: 1(Integer)
2018-11-25 18:06:49.314  [http-nio-8084-exec-5] DEBUG [HouseMapper.selectHouseCount:] [65dd1dde65a1e890,a9fa7ce317c5ad14] - <==      Total: 1
2018-11-25 18:06:49.663  [http-nio-8084-exec-5] DEBUG [HouseMapper.selectHouse:] [65dd1dde65a1e890,622b7907d859f061] - ==>  Preparing: select a.id , a.type, a.name, a.price, a.images , a.area , a.beds , a.baths , a.rating , a.remarks , a.properties , a.floor_plan , a.tags , a.create_time , a.city_id , a.community_id , a.address, a.state, b.user_id from house a inner join ( select house_id,user_id from house_user WHERE type = 1 ) b on a.id = b.house_id WHERE state = 1 and id in ( ? , ? , ? ) order by a.create_time desc limit ?, ?
2018-11-25 18:06:49.663  [http-nio-8084-exec-5] DEBUG [HouseMapper.selectHouse:] [65dd1dde65a1e890,622b7907d859f061] - ==> Parameters: 25(Long), 27(Long), 26(Long), 0(Integer), 3(Integer)
2018-11-25 18:06:49.665  [http-nio-8084-exec-5] DEBUG [HouseMapper.selectHouse:] [65dd1dde65a1e890,622b7907d859f061] - <==      Total: 3
2018-11-25 18:06:51.932  [http-nio-8084-exec-9] DEBUG [HouseMapper.selectHouse:] [f3eb7fcd6d4eb23c,23a0714ed1bdb402] - ==>  Preparing: select a.id , a.type, a.name, a.price, a.images , a.area , a.beds , a.baths , a.rating , a.remarks , a.properties , a.floor_plan , a.tags , a.create_time , a.city_id , a.community_id , a.address, a.state, b.user_id from house a inner join ( select house_id,user_id from house_user WHERE type = 1 ) b on a.id = b.house_id WHERE state = 1 and a.type = ? order by a.create_time desc limit ?, ?
2018-11-25 18:06:51.932  [http-nio-8084-exec-9] DEBUG [HouseMapper.selectHouse:] [f3eb7fcd6d4eb23c,23a0714ed1bdb402] - ==> Parameters: 1(Integer), 4(Integer), 2(Integer)
2018-11-25 18:06:51.935  [http-nio-8084-exec-9] DEBUG [HouseMapper.selectHouse:] [f3eb7fcd6d4eb23c,23a0714ed1bdb402] - <==      Total: 1
2018-11-25 18:06:51.935  [http-nio-8084-exec-9] DEBUG [HouseMapper.selectHouseCount:] [f3eb7fcd6d4eb23c,23a0714ed1bdb402] - ==>  Preparing: select count(id) from house a inner join ( select house_id,user_id from house_user WHERE type = 1 ) b on a.id = b.house_id WHERE state = 1 and a.type = ?
2018-11-25 18:06:51.936  [http-nio-8084-exec-9] DEBUG [HouseMapper.selectHouseCount:] [f3eb7fcd6d4eb23c,23a0714ed1bdb402] - ==> Parameters: 1(Integer)
2018-11-25 18:06:51.946  [http-nio-8084-exec-9] DEBUG [HouseMapper.selectHouseCount:] [f3eb7fcd6d4eb23c,23a0714ed1bdb402] - <==      Total: 1
2018-11-25 18:06:52.259  [http-nio-8084-exec-9] DEBUG [HouseMapper.selectHouse:] [f3eb7fcd6d4eb23c,4544bd65e84495ba] - ==>  Preparing: select a.id , a.type, a.name, a.price, a.images , a.area , a.beds , a.baths , a.rating , a.remarks , a.properties , a.floor_plan , a.tags , a.create_time , a.city_id , a.community_id , a.address, a.state, b.user_id from house a inner join ( select house_id,user_id from house_user WHERE type = 1 ) b on a.id = b.house_id WHERE state = 1 and id in ( ? , ? , ? ) order by a.create_time desc limit ?, ?
2018-11-25 18:06:52.259  [http-nio-8084-exec-9] DEBUG [HouseMapper.selectHouse:] [f3eb7fcd6d4eb23c,4544bd65e84495ba] - ==> Parameters: 25(Long), 27(Long), 26(Long), 0(Integer), 3(Integer)
2018-11-25 18:06:52.261  [http-nio-8084-exec-9] DEBUG [HouseMapper.selectHouse:] [f3eb7fcd6d4eb23c,4544bd65e84495ba] - <==      Total: 3
2018-11-25 18:06:55.197  [http-nio-8084-exec-7] DEBUG [HouseMapper.selectHouse:] [686ca6b218096d59,37892c33ea518fca] - ==>  Preparing: select a.id , a.type, a.name, a.price, a.images , a.area , a.beds , a.baths , a.rating , a.remarks , a.properties , a.floor_plan , a.tags , a.create_time , a.city_id , a.community_id , a.address, a.state, b.user_id from house a inner join ( select house_id,user_id from house_user WHERE type = 1 ) b on a.id = b.house_id WHERE state = 1 and a.type = ? order by a.price asc limit ?, ?
2018-11-25 18:06:55.198  [http-nio-8084-exec-7] DEBUG [HouseMapper.selectHouse:] [686ca6b218096d59,37892c33ea518fca] - ==> Parameters: 1(Integer), 0(Integer), 2(Integer)
2018-11-25 18:06:55.199  [http-nio-8084-exec-7] DEBUG [HouseMapper.selectHouse:] [686ca6b218096d59,37892c33ea518fca] - <==      Total: 2
2018-11-25 18:06:55.200  [http-nio-8084-exec-7] DEBUG [HouseMapper.selectHouseCount:] [686ca6b218096d59,37892c33ea518fca] - ==>  Preparing: select count(id) from house a inner join ( select house_id,user_id from house_user WHERE type = 1 ) b on a.id = b.house_id WHERE state = 1 and a.type = ?
2018-11-25 18:06:55.200  [http-nio-8084-exec-7] DEBUG [HouseMapper.selectHouseCount:] [686ca6b218096d59,37892c33ea518fca] - ==> Parameters: 1(Integer)
2018-11-25 18:06:55.201  [http-nio-8084-exec-7] DEBUG [HouseMapper.selectHouseCount:] [686ca6b218096d59,37892c33ea518fca] - <==      Total: 1
2018-11-25 18:06:55.562  [http-nio-8084-exec-8] DEBUG [HouseMapper.selectHouse:] [686ca6b218096d59,2e55ee6724e02272] - ==>  Preparing: select a.id , a.type, a.name, a.price, a.images , a.area , a.beds , a.baths , a.rating , a.remarks , a.properties , a.floor_plan , a.tags , a.create_time , a.city_id , a.community_id , a.address, a.state, b.user_id from house a inner join ( select house_id,user_id from house_user WHERE type = 1 ) b on a.id = b.house_id WHERE state = 1 and id in ( ? , ? , ? ) order by a.create_time desc limit ?, ?
2018-11-25 18:06:55.563  [http-nio-8084-exec-8] DEBUG [HouseMapper.selectHouse:] [686ca6b218096d59,2e55ee6724e02272] - ==> Parameters: 25(Long), 27(Long), 26(Long), 0(Integer), 3(Integer)
2018-11-25 18:06:55.565  [http-nio-8084-exec-8] DEBUG [HouseMapper.selectHouse:] [686ca6b218096d59,2e55ee6724e02272] - <==      Total: 3
2018-11-25 18:06:57.488  [http-nio-8084-exec-6] DEBUG [HouseMapper.selectHouse:] [a01af2f195fb1d46,f2e7026796f9f8b6] - ==>  Preparing: select a.id , a.type, a.name, a.price, a.images , a.area , a.beds , a.baths , a.rating , a.remarks , a.properties , a.floor_plan , a.tags , a.create_time , a.city_id , a.community_id , a.address, a.state, b.user_id from house a inner join ( select house_id,user_id from house_user WHERE type = 1 ) b on a.id = b.house_id WHERE state = 1 and a.type = ? order by a.price desc limit ?, ?
2018-11-25 18:06:57.489  [http-nio-8084-exec-6] DEBUG [HouseMapper.selectHouse:] [a01af2f195fb1d46,f2e7026796f9f8b6] - ==> Parameters: 1(Integer), 0(Integer), 2(Integer)
2018-11-25 18:06:57.490  [http-nio-8084-exec-6] DEBUG [HouseMapper.selectHouse:] [a01af2f195fb1d46,f2e7026796f9f8b6] - <==      Total: 2
2018-11-25 18:06:57.491  [http-nio-8084-exec-6] DEBUG [HouseMapper.selectHouseCount:] [a01af2f195fb1d46,f2e7026796f9f8b6] - ==>  Preparing: select count(id) from house a inner join ( select house_id,user_id from house_user WHERE type = 1 ) b on a.id = b.house_id WHERE state = 1 and a.type = ?
2018-11-25 18:06:57.491  [http-nio-8084-exec-6] DEBUG [HouseMapper.selectHouseCount:] [a01af2f195fb1d46,f2e7026796f9f8b6] - ==> Parameters: 1(Integer)
2018-11-25 18:06:57.492  [http-nio-8084-exec-6] DEBUG [HouseMapper.selectHouseCount:] [a01af2f195fb1d46,f2e7026796f9f8b6] - <==      Total: 1
2018-11-25 18:06:57.823  [http-nio-8084-exec-10] DEBUG [HouseMapper.selectHouse:] [a01af2f195fb1d46,62258db601e227f3] - ==>  Preparing: select a.id , a.type, a.name, a.price, a.images , a.area , a.beds , a.baths , a.rating , a.remarks , a.properties , a.floor_plan , a.tags , a.create_time , a.city_id , a.community_id , a.address, a.state, b.user_id from house a inner join ( select house_id,user_id from house_user WHERE type = 1 ) b on a.id = b.house_id WHERE state = 1 and id in ( ? , ? , ? ) order by a.create_time desc limit ?, ?
2018-11-25 18:06:57.824  [http-nio-8084-exec-10] DEBUG [HouseMapper.selectHouse:] [a01af2f195fb1d46,62258db601e227f3] - ==> Parameters: 25(Long), 27(Long), 26(Long), 0(Integer), 3(Integer)
2018-11-25 18:06:57.825  [http-nio-8084-exec-10] DEBUG [HouseMapper.selectHouse:] [a01af2f195fb1d46,62258db601e227f3] - <==      Total: 3
2018-11-25 18:07:00.117  [http-nio-8084-exec-1] DEBUG [HouseMapper.selectHouse:] [2f6c252fe888075c,6122a155696ce017] - ==>  Preparing: select a.id , a.type, a.name, a.price, a.images , a.area , a.beds , a.baths , a.rating , a.remarks , a.properties , a.floor_plan , a.tags , a.create_time , a.city_id , a.community_id , a.address, a.state, b.user_id from house a inner join ( select house_id,user_id from house_user WHERE type = 1 ) b on a.id = b.house_id WHERE state = 1 and a.type = ? order by a.price asc limit ?, ?
2018-11-25 18:07:00.117  [http-nio-8084-exec-1] DEBUG [HouseMapper.selectHouse:] [2f6c252fe888075c,6122a155696ce017] - ==> Parameters: 1(Integer), 0(Integer), 2(Integer)
2018-11-25 18:07:00.118  [http-nio-8084-exec-1] DEBUG [HouseMapper.selectHouse:] [2f6c252fe888075c,6122a155696ce017] - <==      Total: 2
2018-11-25 18:07:00.119  [http-nio-8084-exec-1] DEBUG [HouseMapper.selectHouseCount:] [2f6c252fe888075c,6122a155696ce017] - ==>  Preparing: select count(id) from house a inner join ( select house_id,user_id from house_user WHERE type = 1 ) b on a.id = b.house_id WHERE state = 1 and a.type = ?
2018-11-25 18:07:00.119  [http-nio-8084-exec-1] DEBUG [HouseMapper.selectHouseCount:] [2f6c252fe888075c,6122a155696ce017] - ==> Parameters: 1(Integer)
2018-11-25 18:07:00.120  [http-nio-8084-exec-1] DEBUG [HouseMapper.selectHouseCount:] [2f6c252fe888075c,6122a155696ce017] - <==      Total: 1
2018-11-25 18:07:00.472  [http-nio-8084-exec-2] DEBUG [HouseMapper.selectHouse:] [2f6c252fe888075c,972fbdc5aede5d1e] - ==>  Preparing: select a.id , a.type, a.name, a.price, a.images , a.area , a.beds , a.baths , a.rating , a.remarks , a.properties , a.floor_plan , a.tags , a.create_time , a.city_id , a.community_id , a.address, a.state, b.user_id from house a inner join ( select house_id,user_id from house_user WHERE type = 1 ) b on a.id = b.house_id WHERE state = 1 and id in ( ? , ? , ? ) order by a.create_time desc limit ?, ?
2018-11-25 18:07:00.472  [http-nio-8084-exec-2] DEBUG [HouseMapper.selectHouse:] [2f6c252fe888075c,972fbdc5aede5d1e] - ==> Parameters: 25(Long), 27(Long), 26(Long), 0(Integer), 3(Integer)
2018-11-25 18:07:00.473  [http-nio-8084-exec-2] DEBUG [HouseMapper.selectHouse:] [2f6c252fe888075c,972fbdc5aede5d1e] - <==      Total: 3
2018-11-25 18:07:05.180  [http-nio-8084-exec-3] DEBUG [HouseMapper.selectHouse:] [b74e2105a13c1b4e,64162ff993cc2d30] - ==>  Preparing: select a.id , a.type, a.name, a.price, a.images , a.area , a.beds , a.baths , a.rating , a.remarks , a.properties , a.floor_plan , a.tags , a.create_time , a.city_id , a.community_id , a.address, a.state, b.user_id from house a inner join ( select house_id,user_id from house_user WHERE type = 1 ) b on a.id = b.house_id WHERE state = 1 order by a.create_time desc limit ?, ?
2018-11-25 18:07:05.181  [http-nio-8084-exec-3] DEBUG [HouseMapper.selectHouse:] [b74e2105a13c1b4e,64162ff993cc2d30] - ==> Parameters: 0(Integer), 8(Integer)
2018-11-25 18:07:05.182  [http-nio-8084-exec-3] DEBUG [HouseMapper.selectHouse:] [b74e2105a13c1b4e,64162ff993cc2d30] - <==      Total: 6
2018-11-25 18:07:11.026  [http-nio-8084-exec-4] DEBUG [HouseMapper.selectHouse:] [74513af8c81769c7,829da5d7ad8a51df] - ==>  Preparing: select a.id , a.type, a.name, a.price, a.images , a.area , a.beds , a.baths , a.rating , a.remarks , a.properties , a.floor_plan , a.tags , a.create_time , a.city_id , a.community_id , a.address, a.state, b.user_id from house a inner join ( select house_id,user_id from house_user WHERE type = 1 ) b on a.id = b.house_id WHERE state = 1 and id in ( ? , ? , ? ) order by a.create_time desc limit ?, ?
2018-11-25 18:07:11.026  [http-nio-8084-exec-4] DEBUG [HouseMapper.selectHouse:] [74513af8c81769c7,829da5d7ad8a51df] - ==> Parameters: 25(Long), 27(Long), 26(Long), 0(Integer), 3(Integer)
2018-11-25 18:07:11.028  [http-nio-8084-exec-4] DEBUG [HouseMapper.selectHouse:] [74513af8c81769c7,829da5d7ad8a51df] - <==      Total: 3
2018-11-25 18:07:17.695  [http-nio-8084-exec-5] DEBUG [HouseMapper.selectHouse:] [17887b048f1a2931,cb30cb0c3df85df6] - ==>  Preparing: select a.id , a.type, a.name, a.price, a.images , a.area , a.beds , a.baths , a.rating , a.remarks , a.properties , a.floor_plan , a.tags , a.create_time , a.city_id , a.community_id , a.address, a.state, b.user_id from house a inner join ( select house_id,user_id from house_user WHERE type = 1 ) b on a.id = b.house_id WHERE state = 1 and id in ( ? , ? , ? ) order by a.create_time desc limit ?, ?
2018-11-25 18:07:17.695  [http-nio-8084-exec-5] DEBUG [HouseMapper.selectHouse:] [17887b048f1a2931,cb30cb0c3df85df6] - ==> Parameters: 25(Long), 27(Long), 26(Long), 0(Integer), 3(Integer)
2018-11-25 18:07:17.697  [http-nio-8084-exec-5] DEBUG [HouseMapper.selectHouse:] [17887b048f1a2931,cb30cb0c3df85df6] - <==      Total: 3
2018-11-25 18:13:54.895  [http-nio-8084-exec-7] DEBUG [HouseMapper.selectHouse:] [4b5336b2da84fb2d,e3df68402057ac8f] - ==>  Preparing: select a.id , a.type, a.name, a.price, a.images , a.area , a.beds , a.baths , a.rating , a.remarks , a.properties , a.floor_plan , a.tags , a.create_time , a.city_id , a.community_id , a.address, a.state, b.user_id from house a inner join ( select house_id,user_id from house_user WHERE type = 1 ) b on a.id = b.house_id WHERE state = 1 and id in ( ? , ? , ? ) order by a.create_time desc limit ?, ?
2018-11-25 18:13:54.896  [http-nio-8084-exec-7] DEBUG [HouseMapper.selectHouse:] [4b5336b2da84fb2d,e3df68402057ac8f] - ==> Parameters: 25(Long), 27(Long), 26(Long), 0(Integer), 3(Integer)
2018-11-25 18:13:54.898  [http-nio-8084-exec-7] DEBUG [HouseMapper.selectHouse:] [4b5336b2da84fb2d,e3df68402057ac8f] - <==      Total: 3
